This file contains any messages produced by compilers while
running configure, to aid debugging if configure makes a mistake.

It was created by configure, which was
generated by GNU Autoconf 2.69.  Invocation command line was

  $ ./configure 

## --------- ##
## Platform. ##
## --------- ##

hostname = Cheese-Wagon-V.local
uname -m = x86_64
uname -r = 11.4.0
uname -s = Darwin
uname -v = Darwin Kernel Version 11.4.0: Mon Apr  9 19:32:15 PDT 2012; root:xnu-1699.26.8~1/RELEASE_X86_64

/usr/bin/uname -p = i386
/bin/uname -X     = unknown

/bin/arch              = unknown
/usr/bin/arch -k       = unknown
/usr/convex/getsysinfo = unknown
/usr/bin/hostinfo      = Mach kernel version:
	 Darwin Kernel Version 11.4.0: Mon Apr  9 19:32:15 PDT 2012; root:xnu-1699.26.8~1/RELEASE_X86_64
Kernel configured for up to 2 processors.
2 processors are physically available.
2 processors are logically available.
Processor type: i486 (Intel 80486)
Processors active: 0 1
Primary memory available: 4.00 gigabytes
Default processor set: 126 tasks, 625 threads, 2 processors
Load average: 1.55, Mach factor: 1.13
/bin/machine           = unknown
/usr/bin/oslevel       = unknown
/bin/universe          = unknown

PATH: /opt/local/bin
PATH: /opt/local/sbin
PATH: /Library/Frameworks/Python.framework/Versions/2.7/bin
PATH: /opt/local/bin
PATH: /opt/local/sbin
PATH: /sw2/bin
PATH: /sw2/sbin
PATH: /opt/local/bin
PATH: /opt/local/sbin
PATH: /opt/local/lib
PATH: /usr/libexec
PATH: /usr/local/mysql/bin
PATH: /Applications/FST/xfst
PATH: /Applications/FST/Foma
PATH: /usr/bin
PATH: /bin
PATH: /usr/sbin
PATH: /sbin
PATH: /usr/local/bin
PATH: /usr/X11/bin
PATH: /usr/local/pgsql/bin
PATH: /usr/local/mysql-5.0.51a-osx10.5-x86/bin
PATH: /Library/Frameworks/Python.framework/Versions/2.7/lib/python2.7/site-packages/
PATH: /usr/X11R6/bin


## ----------- ##
## Core tests. ##
## ----------- ##

configure:2610: checking for grep that handles long lines and -e
configure:2668: result: /usr/bin/grep
configure:2673: checking for egrep
configure:2735: result: /usr/bin/grep -E
configure:2740: checking for a sed that does not truncate output
configure:2794: result: /opt/local/bin/gsed
configure:2926: checking for cc
configure:2942: found /usr/bin/cc
configure:2953: result: cc
configure:2984: checking for C compiler version
configure:2993: cc --version >&5
Apple clang version 3.1 (tags/Apple/clang-318.0.58) (based on LLVM 3.1svn)
Target: x86_64-apple-darwin11.4.0
Thread model: posix
configure:3004: $? = 0
configure:2993: cc -v >&5
Apple clang version 3.1 (tags/Apple/clang-318.0.58) (based on LLVM 3.1svn)
Target: x86_64-apple-darwin11.4.0
Thread model: posix
configure:3004: $? = 0
configure:2993: cc -V >&5
clang: error: argument to '-V' is missing (expected 1 value)
clang: error: no input files
configure:3004: $? = 1
configure:2993: cc -qversion >&5
clang: error: no input files
configure:3004: $? = 1
configure:3024: checking whether the C compiler works
configure:3046: cc    conftest.c  >&5
configure:3050: $? = 0
configure:3098: result: yes
configure:3101: checking for C compiler default output file name
configure:3103: result: a.out
configure:3109: checking for suffix of executables
configure:3116: cc -o conftest    conftest.c  >&5
configure:3120: $? = 0
configure:3142: result: 
configure:3164: checking whether we are cross compiling
configure:3172: cc -o conftest    conftest.c  >&5
configure:3176: $? = 0
configure:3183: ./conftest
configure:3187: $? = 0
configure:3202: result: no
configure:3207: checking for suffix of object files
configure:3229: cc -c   conftest.c >&5
configure:3233: $? = 0
configure:3254: result: o
configure:3258: checking whether we are using the GNU C compiler
configure:3277: cc -c   conftest.c >&5
configure:3277: $? = 0
configure:3286: result: yes
configure:3295: checking whether cc accepts -g
configure:3315: cc -c -g  conftest.c >&5
configure:3315: $? = 0
configure:3356: result: yes
configure:3373: checking for cc option to accept ISO C89
configure:3436: cc  -c -g -O2  conftest.c >&5
configure:3436: $? = 0
configure:3449: result: none needed
configure:3475: checking how to run the C preprocessor
configure:3506: cc -E  conftest.c
configure:3506: $? = 0
configure:3520: cc -E  conftest.c
conftest.c:9:10: fatal error: 'ac_nonexistent.h' file not found
#include <ac_nonexistent.h>
         ^
1 error generated.
configure:3520: $? = 1
configure: failed program was:
| /* confdefs.h */
| #define PACKAGE_NAME ""
| #define PACKAGE_TARNAME ""
| #define PACKAGE_VERSION ""
| #define PACKAGE_STRING ""
| #define PACKAGE_BUGREPORT ""
| #define PACKAGE_URL ""
| /* end confdefs.h.  */
| #include <ac_nonexistent.h>
configure:3545: result: cc -E
configure:3565: cc -E  conftest.c
configure:3565: $? = 0
configure:3579: cc -E  conftest.c
conftest.c:9:10: fatal error: 'ac_nonexistent.h' file not found
#include <ac_nonexistent.h>
         ^
1 error generated.
configure:3579: $? = 1
configure: failed program was:
| /* confdefs.h */
| #define PACKAGE_NAME ""
| #define PACKAGE_TARNAME ""
| #define PACKAGE_VERSION ""
| #define PACKAGE_STRING ""
| #define PACKAGE_BUGREPORT ""
| #define PACKAGE_URL ""
| /* end confdefs.h.  */
| #include <ac_nonexistent.h>
configure:3610: checking for icc
configure:3619: result: no
configure:3633: checking for suncc
configure:3642: result: no
configure:3660: checking whether cc understands -c and -o together
configure:3688: cc -c conftest.c -o conftest2.o >&5
configure:3692: $? = 0
configure:3698: cc -c conftest.c -o conftest2.o >&5
configure:3702: $? = 0
configure:3757: result: yes
configure:3771: checking for system library directory
configure:3786: result: lib
configure:3793: checking if compiler supports -R
configure:3812: cc -o conftest -g -O2   conftest.c -R /usr/lib  >&5
clang: warning: argument unused during compilation: '-R'
ld: in /usr/lib, can't map file, errno=22 for architecture x86_64
clang: error: linker command failed with exit code 1 (use -v to see invocation)
configure:3812: $? = 1
configure: failed program was:
| /* confdefs.h */
| #define PACKAGE_NAME ""
| #define PACKAGE_TARNAME ""
| #define PACKAGE_VERSION ""
| #define PACKAGE_STRING ""
| #define PACKAGE_BUGREPORT ""
| #define PACKAGE_URL ""
| /* end confdefs.h.  */
| 
| int
| main ()
| {
| 
|   ;
|   return 0;
| }
configure:3822: result: no
configure:3827: checking if compiler supports -Wl,-rpath,
configure:3846: cc -o conftest -g -O2   conftest.c -Wl,-rpath,/usr/lib  >&5
configure:3846: $? = 0
configure:3856: result: yes
configure:3901: checking build system type
configure:3915: result: i386-apple-darwin11.4.0
configure:3935: checking host system type
configure:3948: result: i386-apple-darwin11.4.0
configure:3968: checking target system type
configure:3981: result: i386-apple-darwin11.4.0
configure:4084: checking for PHP prefix
configure:4086: result: /opt/local
configure:4088: checking for PHP includes
configure:4090: result: -I/opt/local/include/php -I/opt/local/include/php/main -I/opt/local/include/php/TSRM -I/opt/local/include/php/Zend -I/opt/local/include/php/ext -I/opt/local/include/php/ext/date/lib -I/opt/local/include
configure:4092: checking for PHP extension directory
configure:4094: result: /opt/local/lib/php/extensions/no-debug-non-zts-20090626
configure:4096: checking for PHP installed headers prefix
configure:4098: result: /opt/local/include/php
configure:4101: checking if debug is enabled
configure:4127: result: no
configure:4130: checking if zts is enabled
configure:4156: result: no
configure:4230: checking for re2c
configure:4246: found /opt/local/bin/re2c
configure:4257: result: re2c
configure:4266: checking for re2c version
configure:4280: result: 0.13.5 (ok)
configure:4299: checking for gawk
configure:4316: found /opt/local/bin/gawk
configure:4327: result: gawk
configure:4370: checking for libwkhtmltox support
configure:4410: result: yes, shared
configure:4427: result: not found
configure:4429: error: Please install libwkhtmltox

## ---------------- ##
## Cache variables. ##
## ---------------- ##

ac_cv_build=i386-apple-darwin11.4.0
ac_cv_c_compiler_gnu=yes
ac_cv_env_CC_set=
ac_cv_env_CC_value=
ac_cv_env_CFLAGS_set=
ac_cv_env_CFLAGS_value=
ac_cv_env_CPPFLAGS_set=
ac_cv_env_CPPFLAGS_value=
ac_cv_env_CPP_set=
ac_cv_env_CPP_value=
ac_cv_env_LDFLAGS_set=
ac_cv_env_LDFLAGS_value=
ac_cv_env_LIBS_set=
ac_cv_env_LIBS_value=
ac_cv_env_build_alias_set=
ac_cv_env_build_alias_value=
ac_cv_env_host_alias_set=
ac_cv_env_host_alias_value=
ac_cv_env_target_alias_set=
ac_cv_env_target_alias_value=
ac_cv_host=i386-apple-darwin11.4.0
ac_cv_objext=o
ac_cv_path_EGREP='/usr/bin/grep -E'
ac_cv_path_GREP=/usr/bin/grep
ac_cv_prog_AWK=gawk
ac_cv_prog_CPP='cc -E'
ac_cv_prog_RE2C=re2c
ac_cv_prog_ac_ct_CC=cc
ac_cv_prog_cc_c89=
ac_cv_prog_cc_cc_c_o=yes
ac_cv_prog_cc_g=yes
ac_cv_target=i386-apple-darwin11.4.0
lt_cv_path_SED=/opt/local/bin/gsed
php_cv_cc_dashr=no
php_cv_cc_rpath=yes
php_cv_re2c_version='0.13.5 (ok)'

## ----------------- ##
## Output variables. ##
## ----------------- ##

AR=''
AWK='gawk'
CC='cc'
CFLAGS='-g -O2'
CONFIGURE_COMMAND=' '\''./configure'\'' '
CONFIGURE_OPTIONS=''
CPP='cc -E'
CPPFLAGS=''
DEFS=''
DSYMUTIL=''
ECHO='/bin/echo'
ECHO_C='\c'
ECHO_N=''
ECHO_T=''
EGREP='/usr/bin/grep -E'
EXEEXT=''
GREP='/usr/bin/grep'
LDFLAGS=''
LIBOBJS=''
LIBS=''
LIBTOOL=''
LN_S=''
LTLIBOBJS=''
NMEDIT=''
OBJEXT='o'
PACKAGE_BUGREPORT=''
PACKAGE_NAME=''
PACKAGE_STRING=''
PACKAGE_TARNAME=''
PACKAGE_URL=''
PACKAGE_VERSION=''
PATH_SEPARATOR=':'
RANLIB=''
RE2C='re2c'
SED='/opt/local/bin/gsed'
SHELL='/bin/sh'
SHLIB_DL_SUFFIX_NAME='so'
SHLIB_SUFFIX_NAME='dylib'
STRIP=''
ac_ct_CC='cc'
bindir='${exec_prefix}/bin'
build='i386-apple-darwin11.4.0'
build_alias=''
build_cpu='i386'
build_os='darwin11.4.0'
build_vendor='apple'
datadir='${datarootdir}'
datarootdir='${prefix}/share'
docdir='${datarootdir}/doc/${PACKAGE}'
dvidir='${docdir}'
exec_prefix='NONE'
host='i386-apple-darwin11.4.0'
host_alias='i386-apple-darwin11.4.0'
host_cpu='i386'
host_os='darwin11.4.0'
host_vendor='apple'
htmldir='${docdir}'
includedir='${prefix}/include'
infodir='${datarootdir}/info'
libdir='${exec_prefix}/lib'
libexecdir='${exec_prefix}/libexec'
localedir='${datarootdir}/locale'
localstatedir='${prefix}/var'
mandir='${datarootdir}/man'
oldincludedir='/usr/include'
pdfdir='${docdir}'
prefix='/opt/local'
program_transform_name='s,x,x,'
psdir='${docdir}'
sbindir='${exec_prefix}/sbin'
sharedstatedir='${prefix}/com'
sysconfdir='${prefix}/etc'
target='i386-apple-darwin11.4.0'
target_alias=''
target_cpu='i386'
target_os='darwin11.4.0'
target_vendor='apple'

## ----------- ##
## confdefs.h. ##
## ----------- ##

/* confdefs.h */
#define PACKAGE_NAME ""
#define PACKAGE_TARNAME ""
#define PACKAGE_VERSION ""
#define PACKAGE_STRING ""
#define PACKAGE_BUGREPORT ""
#define PACKAGE_URL ""

configure: exit 1
